<?xml version="1.0" encoding="UTF-8"?>
<!-- Generated by org.testng.reporters.JUnitXMLReporter -->
<testsuite ignored="0" hostname="DESKTOP-LJ74HTI" failures="1" tests="3" name="chromeTest" time="15.176" errors="0" timestamp="2025-02-17T12:23:48 IST">
  <testcase classname="testscripts.ManageContactTest" name="verifyUserIsAbleToEditContactDetails" time="3.223">
    <skipped/>
  </testcase> <!-- verifyUserIsAbleToEditContactDetails -->
  <testcase classname="testscripts.ManageContactTest" name="verifyUserIsAbleToEditContactDetails" time="0.142">
    <skipped/>
  </testcase> <!-- verifyUserIsAbleToEditContactDetails -->
  <testcase classname="testscripts.ManageContactTest" name="verifyUserIsAbleToEditContactDetails" time="0.326">
    <failure type="java.lang.NullPointerException" message="Cannot invoke &amp;quot;org.openqa.selenium.SearchContext.findElement(org.openqa.selenium.By)&amp;quot; because &amp;quot;this.searchContext&amp;quot; is null">
      <![CDATA[java.lang.NullPointerException: Cannot invoke "org.openqa.selenium.SearchContext.findElement(org.openqa.selenium.By)" because "this.searchContext" is null
at org.openqa.selenium.support.pagefactory.DefaultElementLocator.findElement(DefaultElementLocator.java:68)
at org.openqa.selenium.support.pagefactory.internal.LocatingElementHandler.invoke(LocatingElementHandler.java:38)
at jdk.proxy2/jdk.proxy2.$Proxy17.sendKeys(Unknown Source)
at pages.LoginPage.loginUsingExcelData(LoginPage.java:45)
at testscripts.ManageContactTest.verifyUserIsAbleToEditContactDetails(ManageContactTest.java:27)
at java.base/java.util.ArrayList.forEach(ArrayList.java:1597)
at java.base/java.util.concurrent.FutureTask.run(FutureTask.java:317)
at java.base/java.util.concurrent.ThreadPoolExecutor.runWorker(ThreadPoolExecutor.java:1144)
at java.base/java.util.concurrent.ThreadPoolExecutor$Worker.run(ThreadPoolExecutor.java:642)
at java.base/java.lang.Thread.run(Thread.java:1575)
... Removed 15 stack frames]]>
    </failure>
  </testcase> <!-- verifyUserIsAbleToEditContactDetails -->
</testsuite> <!-- chromeTest -->
